<?xml version="1.0" encoding="UTF-8" standalone="yes" ?>
<test-results name="C:\Users\leo\Documents\Apresentacao-TDC-SaoPaulo-2017\Exemplos\Calculator-DUnitX\Win32\Debug\DUnitX_Test1.exe" total="9" errors="0" failures="1" ignored="0" inconclusive="0" not-run="0" skipped="0" invalid="0" date="2017-07-12" time="0.011">
  <culture-info current-culture="en" current-uiculture="en" />
  <test-suite type="Assembly" name="DUnitX_Test1.exe" executed="true" result="Failure" success="False" time="0.011" asserts="0">
    <results>
        <test-suite type="Namespace" name="TestCalcUnit" executed="true" result="Failure" success="False" time="0.011" asserts="0" >
          <results>
              <test-suite type="Fixture" name="TestTCalc" executed="True" result="Failure" success="False" time="0.011" >
                <results>
                  <test-case name="TesteSoma.TesteSoma1" executed="True" result="Success" success="True" time="0.000" asserts="0" />
                  <test-case name="TesteSoma.TesteSoma2" executed="True" result="Success" success="True" time="0.000" asserts="0" />
                  <test-case name="TesteSoma.TesteSoma3" executed="True" result="Failure" success="False" time="0.011" asserts="0" >
                    <failure>
                      <message>
                        <![CDATA[ Expected 6 but got 5  ]]>
                      </message>
                      <stack-trace>
                        <![CDATA[  ]]>
                      </stack-trace>
                    </failure>
                  </test-case>
                  <test-case name="TesteSoma.TesteSoma4" executed="True" result="Success" success="True" time="0.000" asserts="0" />
                  <test-case name="TesteSoma.TesteSoma5" executed="True" result="Success" success="True" time="0.000" asserts="0" />
                  <test-case name="TesteSubtracao.TesteSubtracao1" executed="True" result="Success" success="True" time="0.000" asserts="0" />
                  <test-case name="TesteSubtracao.TesteSubtracao2" executed="True" result="Success" success="True" time="0.000" asserts="0" />
                  <test-case name="TesteSubtracao.TesteSubtracao3" executed="True" result="Success" success="True" time="0.000" asserts="0" />
                  <test-case name="TesteSubtracao.TesteSubtracao4" executed="True" result="Success" success="True" time="0.000" asserts="0" />
                </results>
              </test-suite>
          </results>
        </test-suite>
    </results>
  </test-suite>
</test-results>
