<?xml version="1.0" encoding="UTF-8" standalone="yes" ?>
<test-results name="C:\Ferramentas SVN\Intesig_TestCase\Exemplos\DUnitX\GUI-DataModule\Test\Win32\Debug\ProjectTest1GUITests.exe" total="2" errors="0" failures="0" ignored="0" inconclusive="0" not-run="0" skipped="0" invalid="0" date="2017-06-14" time="0.445">
  <culture-info current-culture="en" current-uiculture="en" />
  <test-suite type="Assembly" name="ProjectTest1GUITests.exe" executed="true" result="Success" success="True" time="0.445" asserts="0">
    <results>
        <test-suite type="Namespace" name="TestTest1GUI" executed="true" result="Success" success="True" time="0.444" asserts="0" >
          <results>
              <test-suite type="Fixture" name="TestTForm1" executed="True" result="Success" success="True" time="0.444" >
                <results>
                  <test-case name="TestQtdComboboxCachorro.Teste1" executed="True" result="Success" success="True" time="0.359" asserts="0" />
                  <test-case name="TestQtdComboboxAve.Teste2" executed="True" result="Success" success="True" time="0.084" asserts="0" />
                </results>
              </test-suite>
          </results>
        </test-suite>
    </results>
  </test-suite>
</test-results>
